<?xml version="1.0" encoding="UTF-8"?>
<!-- Generated by org.testng.reporters.JUnitReportReporter -->
<testsuite hostname="DESKTOP-G2UDSQ1" failures="0" tests="2" name="com.mindtree.pageobjects.Login" time="32.810" errors="0" timestamp="2021-10-20T20:14:39 IST" skipped="0">
  <testcase classname="com.mindtree.pageobjects.Login" name="LoginApp" time="15.593"/>
  <system-out/>
  <testcase classname="com.mindtree.pageobjects.Login" name="LoginApp" time="17.217"/>
  <system-out/>
</testsuite> <!-- com.mindtree.pageobjects.Login -->
