<?xml version="1.0" encoding="UTF-8"?>
<!-- Generated by org.testng.reporters.JUnitReportReporter -->
<testsuite hostname="DESKTOP-G2UDSQ1" failures="0" tests="3" name="com.mindtree.runner.AtlanticApplication" time="103.675" errors="0" timestamp="2021-10-28T15:39:34 IST" skipped="0">
  <testcase classname="com.mindtree.runner.AtlanticApplication" name="LoginApp" time="26.628"/>
  <system-out/>
  <testcase classname="com.mindtree.runner.AtlanticApplication" name="LoginApp" time="28.188"/>
  <system-out/>
  <testcase classname="com.mindtree.runner.AtlanticApplication" name="searchBook" time="48.859"/>
  <system-out/>
</testsuite> <!-- com.mindtree.runner.AtlanticApplication -->
