<?xml version="1.0" encoding="UTF-8"?>
<!-- Generated by org.testng.reporters.JUnitReportReporter -->
<testsuite hostname="DESKTOP-G2UDSQ1" failures="0" tests="1" name="com.mindtree.testcase.SearchBook" time="73.902" errors="0" timestamp="2021-10-20T15:52:19 IST" skipped="0">
  <testcase classname="com.mindtree.testcase.SearchBook" name="searchBook" time="73.902"/>
  <system-out/>
</testsuite> <!-- com.mindtree.testcase.SearchBook -->
