<?xml version="1.0" encoding="UTF-8"?>
<!-- Generated by org.testng.reporters.JUnitReportReporter -->
<testsuite skipped="0" hostname="DESKTOP-G2UDSQ1" name="com.mindtree.runner.AtlanticApplication" tests="3" failures="0" timestamp="22 Oct 2021 04:33:48 GMT" time="124.912" errors="0">
  <testcase name="searchBook" time="53.327" classname="com.mindtree.runner.AtlanticApplication"/>
  <testcase name="LoginApp" time="43.007" classname="com.mindtree.runner.AtlanticApplication"/>
  <testcase name="LoginApp" time="28.578" classname="com.mindtree.runner.AtlanticApplication"/>
</testsuite> <!-- com.mindtree.runner.AtlanticApplication -->
